2017-05-12T01:39:16+00:00 INFO Queuing 3.0.0 - wc_update_300_webhooks
2017-05-12T01:39:16+00:00 INFO Queuing 3.0.0 - wc_update_300_grouped_products
2017-05-12T01:39:16+00:00 INFO Queuing 3.0.0 - wc_update_300_settings
2017-05-12T01:39:16+00:00 INFO Queuing 3.0.0 - wc_update_300_product_visibility
2017-05-12T01:39:16+00:00 INFO Queuing 3.0.0 - wc_update_300_db_version
2017-05-12T01:39:18+00:00 INFO Running wc_update_300_webhooks callback
2017-05-12T01:39:18+00:00 INFO Finished wc_update_300_webhooks callback
2017-05-12T01:39:18+00:00 INFO Running wc_update_300_grouped_products callback
2017-05-12T01:39:20+00:00 INFO Finished wc_update_300_grouped_products callback
2017-05-12T01:39:20+00:00 INFO Running wc_update_300_settings callback
2017-05-12T01:39:20+00:00 INFO Finished wc_update_300_settings callback
2017-05-12T01:39:20+00:00 INFO Running wc_update_300_product_visibility callback
2017-05-12T01:39:21+00:00 INFO Finished wc_update_300_product_visibility callback
2017-05-12T01:39:21+00:00 INFO Running wc_update_300_db_version callback
2017-05-12T01:39:21+00:00 INFO Finished wc_update_300_db_version callback
2017-05-12T01:39:22+00:00 INFO Data update complete
2017-07-07T01:44:13+00:00 INFO Queuing 3.1.0 - wc_update_310_downloadable_products
2017-07-07T01:44:13+00:00 INFO Queuing 3.1.0 - wc_update_310_old_comments
2017-07-07T01:44:13+00:00 INFO Queuing 3.1.0 - wc_update_310_db_version
2017-07-07T01:44:15+00:00 INFO Running wc_update_310_downloadable_products callback
2017-07-07T01:44:15+00:00 INFO Finished wc_update_310_downloadable_products callback
2017-07-07T01:44:15+00:00 INFO Running wc_update_310_old_comments callback
2017-07-07T01:44:15+00:00 INFO Finished wc_update_310_old_comments callback
2017-07-07T01:44:15+00:00 INFO Running wc_update_310_db_version callback
2017-07-07T01:44:15+00:00 INFO Finished wc_update_310_db_version callback
2017-07-07T01:44:15+00:00 INFO Data update complete
